[00:02:07] [User Authenticator #19/INFO]: UUID of player Ryzon_ is 5ff2599a-bd34-46ea-a496-a3c88e2d74c5
[00:02:07] [Server thread/INFO]: Ryzon_[/0:0:0:0:0:0:0:1:57880] logged in with entity id 317324 at ([world]101.0007596506451, 96.0, 407.18360602476537)
[00:10:22] [Server thread/INFO]: Ryzon_ issued server command: /act fly on
[00:10:31] [User Authenticator #20/INFO]: UUID of player Siribelle is 745a84f4-05f6-4d01-b429-8ddf4c04329e
[00:10:31] [Server thread/INFO]: Siribelle[/0:0:0:0:0:0:0:1:57889] logged in with entity id 321630 at ([world]96.84306783509508, 89.0, 457.931419519447)
[00:11:06] [Server thread/INFO]: Siribelle issued server command: /act fly on
[00:11:23] [Server thread/INFO]: Ryzon_ issued server command: /gamemode creative
[00:11:23] [Server thread/INFO]: [Ryzon_: Set own game mode to Creative Mode]
[00:11:25] [Async Chat Thread - #37/INFO]: [0;31;1m?[0;37;1mSiribelle[0;31;1m?[0;37;1m <Ryzon_> [0;35;1mhi[m
[00:13:21] [Async Chat Thread - #38/INFO]: [0;31;1m?[0;37;1mSiribelle[0;31;1m?[0;37;1m <Ryzon_> [0;35;1mhewoo[m
[00:13:32] [Async Chat Thread - #38/INFO]: [0;31;1m?[0;37;1mRyzon_[0;31;1m?[0;37;1m <Siribelle> [0;34;1mhewoo[m
[00:14:04] [Async Chat Thread - #38/INFO]: [0;31;1m?[0;37;1mSiribelle[0;31;1m?[0;37;1m <Ryzon_> [0;35;1mhi[m
[00:14:10] [Async Chat Thread - #38/INFO]: [0;31;1m?[0;37;1mRyzon_[0;31;1m?[0;37;1m <Siribelle> [0;34;1mhewwo[m
[00:14:37] [Async Chat Thread - #38/INFO]: [0;31;1m?[0;37;1mSiribelle[0;31;1m?[0;37;1m <Ryzon_> [0;35;1mpickle[m
[00:14:45] [Server thread/INFO]: Ryzon_ issued server command: /tp Siribelle
[00:15:26] [Server thread/INFO]: Ryzon_ issued server command: /gamemode survival
[00:15:26] [Server thread/INFO]: [Ryzon_: Set own game mode to Survival Mode]
[00:15:55] [Async Chat Thread - #39/INFO]: [0;31;1m?[0;37;1mSiribelle[0;31;1m?[0;37;1m <Ryzon_> [0;35;1mthis looks pretty cool[m
[00:16:01] [Async Chat Thread - #39/INFO]: [0;31;1m?[0;37;1mRyzon_[0;31;1m?[0;37;1m <Siribelle> [0;34;1msnow looks a lot cooler on clarity[m
[00:16:11] [Async Chat Thread - #39/INFO]: [0;31;1m?[0;37;1mSiribelle[0;31;1m?[0;37;1m <Ryzon_> [0;35;1moh really[m
[00:16:15] [Async Chat Thread - #39/INFO]: [0;31;1m?[0;37;1mSiribelle[0;31;1m?[0;37;1m <Ryzon_> [0;35;1mdid u know[m
[00:16:26] [Async Chat Thread - #39/INFO]: [0;31;1m?[0;37;1mSiribelle[0;31;1m?[0;37;1m <Ryzon_> [0;35;1mtheyre gonna update some fo the textures next update[m
[00:16:30] [Async Chat Thread - #39/INFO]: [0;31;1m?[0;37;1mSiribelle[0;31;1m?[0;37;1m <Ryzon_> [0;35;1mlike stone and sand[m
[00:16:32] [Async Chat Thread - #39/INFO]: [0;31;1m?[0;37;1mRyzon_[0;31;1m?[0;37;1m <Siribelle> [0;34;1myea[m
[00:16:35] [Async Chat Thread - #39/INFO]: [0;31;1m?[0;37;1mSiribelle[0;31;1m?[0;37;1m <Ryzon_> [0;35;1mi know u dont like those[m
[00:17:04] [Async Chat Thread - #39/INFO]: [0;31;1m?[0;37;1mRyzon_[0;31;1m?[0;37;1m <Siribelle> [0;34;1myea you told me they were gonna update them[m
[00:17:09] [Async Chat Thread - #39/INFO]: [0;31;1m?[0;37;1mSiribelle[0;31;1m?[0;37;1m <Ryzon_> [0;35;1moh lol[m
[00:17:10] [Async Chat Thread - #39/INFO]: [0;31;1m?[0;37;1mSiribelle[0;31;1m?[0;37;1m <Ryzon_> [0;35;1mwhoosp[m
[00:17:21] [Async Chat Thread - #39/INFO]: [0;31;1m?[0;37;1mRyzon_[0;31;1m?[0;37;1m <Siribelle> [0;34;1mi mean you didnt say snow specifically[m
[00:17:32] [Async Chat Thread - #39/INFO]: [0;31;1m?[0;37;1mSiribelle[0;31;1m?[0;37;1m <Ryzon_> [0;35;1midk about snow actually[m
[00:17:35] [Async Chat Thread - #39/INFO]: [0;31;1m?[0;37;1mSiribelle[0;31;1m?[0;37;1m <Ryzon_> [0;35;1mbut ice[m
[00:17:38] [Async Chat Thread - #39/INFO]: [0;31;1m?[0;37;1mRyzon_[0;31;1m?[0;37;1m <Siribelle> [0;34;1moh[m
[00:17:49] [Server thread/INFO]: Siribelle issued server command: /gamemode creative
[00:17:49] [Server thread/INFO]: [Siribelle: Set own game mode to Creative Mode]
[00:18:42] [Server thread/INFO]: Ryzon_ issued server command: /gamemode c
[00:18:44] [Server thread/INFO]: Ryzon_ issued server command: /gamemode creative
[00:18:44] [Server thread/INFO]: [Ryzon_: Set own game mode to Creative Mode]
[00:18:51] [Async Chat Thread - #40/INFO]: [0;31;1m?[0;37;1mRyzon_[0;31;1m?[0;37;1m <Siribelle> [0;34;1mhey ryan come here[m
[00:19:01] [Server thread/INFO]: Ryzon_ issued server command: /tp Siribelle
[00:19:07] [Async Chat Thread - #40/INFO]: [0;31;1m?[0;37;1mSiribelle[0;31;1m?[0;37;1m <Ryzon_> [0;35;1mholy shit[m
[00:19:10] [Async Chat Thread - #40/INFO]: [0;31;1m?[0;37;1mSiribelle[0;31;1m?[0;37;1m <Ryzon_> [0;35;1mwhy[m
[00:19:18] [Async Chat Thread - #40/INFO]: [0;31;1m?[0;37;1mSiribelle[0;31;1m?[0;37;1m <Ryzon_> [0;35;1moh i see[m
[00:19:29] [Async Chat Thread - #40/INFO]: [0;31;1m?[0;37;1mSiribelle[0;31;1m?[0;37;1m <Ryzon_> [0;35;1mthis is pretty cool lmao[m
[00:19:29] [Async Chat Thread - #40/INFO]: [0;31;1m?[0;37;1mRyzon_[0;31;1m?[0;37;1m <Siribelle> [0;34;1mglowstoone hasa cooleffect on quartz if you place the quartz correctly[m
[00:19:36] [Async Chat Thread - #40/INFO]: [0;31;1m?[0;37;1mRyzon_[0;31;1m?[0;37;1m <Siribelle> [0;34;1mbut i didnt do that[m
[00:19:43] [Async Chat Thread - #40/INFO]: [0;31;1m?[0;37;1mRyzon_[0;31;1m?[0;37;1m <Siribelle> [0;34;1mi didnt place it correctly everywhere[m
[00:19:56] [Async Chat Thread - #40/INFO]: [0;31;1m?[0;37;1mSiribelle[0;31;1m?[0;37;1m <Ryzon_> [0;35;1mu mean on the outside?[m
[00:19:57] [Async Chat Thread - #40/INFO]: [0;31;1m?[0;37;1mRyzon_[0;31;1m?[0;37;1m <Siribelle> [0;34;1mthis place was just nauseating to build[m
[00:20:00] [Async Chat Thread - #40/INFO]: [0;31;1m?[0;37;1mRyzon_[0;31;1m?[0;37;1m <Siribelle> [0;34;1myea[m
[00:20:02] [Async Chat Thread - #40/INFO]: [0;31;1m?[0;37;1mSiribelle[0;31;1m?[0;37;1m <Ryzon_> [0;35;1mdude i bet omg[m
[00:20:08] [Async Chat Thread - #40/INFO]: [0;31;1m?[0;37;1mRyzon_[0;31;1m?[0;37;1m <Siribelle> [0;34;1mthis upstairs parrt was[m
[00:20:43] [Async Chat Thread - #40/INFO]: [0;31;1m?[0;37;1mSiribelle[0;31;1m?[0;37;1m <Ryzon_> [0;35;1mi dont see any quartz mixed with glowstone exept for right here[m
[00:21:05] [Async Chat Thread - #40/INFO]: [0;31;1m?[0;37;1mRyzon_[0;31;1m?[0;37;1m <Siribelle> [0;34;1mwhere?[m
[00:21:34] [Server thread/INFO]: Siribelle issued server command: /weather clear
[00:21:34] [Server thread/INFO]: [Siribelle: Set the weather to clear]
[00:21:39] [Server thread/INFO]: Siribelle issued server command: /time set night
[00:21:39] [Server thread/INFO]: [Siribelle: Set the time to 13000]
[00:22:10] [Async Chat Thread - #41/INFO]: [0;31;1m?[0;37;1mRyzon_[0;31;1m?[0;37;1m <Siribelle> [0;34;1mlook at how the bottom pillars glow[m
[00:22:10] [Async Chat Thread - #43/INFO]: [0;31;1m?[0;37;1mRyzon_[0;31;1m?[0;37;1m <Siribelle> [0;34;1mhewwo[m
[00:22:10] [Async Chat Thread - #42/INFO]: [0;31;1m?[0;37;1mRyzon_[0;31;1m?[0;37;1m <Siribelle> [0;34;1mlook at how the bottom pillars glow[m
[00:22:10] [Async Chat Thread - #44/INFO]: [0;31;1m?[0;37;1mRyzon_[0;31;1m?[0;37;1m <Siribelle> [0;34;1mkedjsfjdk[m
[00:22:10] [Async Chat Thread - #44/INFO]: [0;31;1m?[0;37;1mRyzon_[0;31;1m?[0;37;1m <Siribelle> [0;34;1mkfjdshksdhfjk!![m
[00:22:16] [Async Chat Thread - #44/INFO]: [0;31;1m?[0;37;1mSiribelle[0;31;1m?[0;37;1m <Ryzon_> [0;35;1mghfdh[m
[00:22:20] [Async Chat Thread - #44/INFO]: [0;31;1m?[0;37;1mSiribelle[0;31;1m?[0;37;1m <Ryzon_> [0;35;1mOH[m
[00:22:23] [Async Chat Thread - #44/INFO]: [0;31;1m?[0;37;1mRyzon_[0;31;1m?[0;37;1m <Siribelle> [0;34;1mbut right here[m
[00:22:27] [Async Chat Thread - #44/INFO]: [0;31;1m?[0;37;1mSiribelle[0;31;1m?[0;37;1m <Ryzon_> [0;35;1mwow wtf thats cool[m
[00:22:29] [Async Chat Thread - #44/INFO]: [0;31;1m?[0;37;1mRyzon_[0;31;1m?[0;37;1m <Siribelle> [0;34;1mts not supposed ot do that[m
[00:22:33] [Async Chat Thread - #44/INFO]: [0;31;1m?[0;37;1mRyzon_[0;31;1m?[0;37;1m <Siribelle> [0;34;1mbut it DOes[m
[00:22:35] [Server thread/INFO]: Ryzon_ issued server command: /tp Siribelle
[00:22:44] [Async Chat Thread - #44/INFO]: [0;31;1m?[0;37;1mSiribelle[0;31;1m?[0;37;1m <Ryzon_> [0;35;1myeah lighting is weird sometimes[m
[00:22:54] [Async Chat Thread - #44/INFO]: [0;31;1m?[0;37;1mRyzon_[0;31;1m?[0;37;1m <Siribelle> [0;34;1mif i didnt have it lit up with torches you could see the glowstone glow a lot more[m
[00:22:55] [Async Chat Thread - #44/INFO]: [0;31;1m?[0;37;1mSiribelle[0;31;1m?[0;37;1m <Ryzon_> [0;35;1mi think theyre overhauling that too next update[m
[00:23:10] [Async Chat Thread - #44/INFO]: [0;31;1m?[0;37;1mRyzon_[0;31;1m?[0;37;1m <Siribelle> [0;34;1mhelp me take down the torches[m
[00:24:17] [Async Chat Thread - #45/INFO]: [0;31;1m?[0;37;1mSiribelle[0;31;1m?[0;37;1m <Ryzon_> [0;35;1mthats cool[m
[00:24:29] [Async Chat Thread - #45/INFO]: [0;31;1m?[0;37;1mRyzon_[0;31;1m?[0;37;1m <Siribelle> [0;34;1mshould i keep it like this or have torches[m
[00:24:35] [Async Chat Thread - #45/INFO]: [0;31;1m?[0;37;1mSiribelle[0;31;1m?[0;37;1m <Ryzon_> [0;35;1mprobably has something to do with slabs[m
[00:24:46] [Async Chat Thread - #45/INFO]: [0;31;1m?[0;37;1mSiribelle[0;31;1m?[0;37;1m <Ryzon_> [0;35;1mwell[m
[00:24:52] [Async Chat Thread - #45/INFO]: [0;31;1m?[0;37;1mSiribelle[0;31;1m?[0;37;1m <Ryzon_> [0;35;1mmobs cant spawn on slabs[m
[00:25:01] [Async Chat Thread - #45/INFO]: [0;31;1m?[0;37;1mRyzon_[0;31;1m?[0;37;1m <Siribelle> [0;34;1mi didnt know that wow[m
[00:25:02] [Async Chat Thread - #45/INFO]: [0;31;1m?[0;37;1mSiribelle[0;31;1m?[0;37;1m <Ryzon_> [0;35;1mand light level is actually above 7 here[m
[00:25:06] [Async Chat Thread - #45/INFO]: [0;31;1m?[0;37;1mRyzon_[0;31;1m?[0;37;1m <Siribelle> [0;34;1mwow omg[m
[00:25:07] [Async Chat Thread - #45/INFO]: [0;31;1m?[0;37;1mSiribelle[0;31;1m?[0;37;1m <Ryzon_> [0;35;1mso i dont see why not[m
[00:25:11] [Async Chat Thread - #45/INFO]: [0;31;1m?[0;37;1mRyzon_[0;31;1m?[0;37;1m <Siribelle> [0;34;1mkk[m
[00:25:13] [Async Chat Thread - #45/INFO]: [0;31;1m?[0;37;1mRyzon_[0;31;1m?[0;37;1m <Siribelle> [0;34;1mbrb[m
[00:25:20] [Server thread/INFO]: Siribelle lost connection: Disconnected
[00:25:20] [Server thread/INFO]: Siribelle left the game
[00:25:26] [Server thread/INFO]: Ryzon_ issued server command: /gamemode survival
[00:25:26] [Server thread/INFO]: [Ryzon_: Set own game mode to Survival Mode]
[00:27:46] [Server thread/INFO]: Ryzon_ issued server command: /help restart
[00:28:13] [Server thread/INFO]: Ryzon_ issued server command: /gamemode creative
[00:28:13] [Server thread/INFO]: [Ryzon_: Set own game mode to Creative Mode]
[00:32:38] [Server thread/INFO]: Ryzon_ issued server command: /summon minecraft:skeleton_horse ~ ~ ~ {Type:4, Tame:1, SaddleItem:{id:saddle,Count:1}}
[00:32:38] [Server thread/INFO]: [Ryzon_: Summoned new Skeleton Horse]
[00:33:18] [Server thread/INFO]: Ryzon_ issued server command: /gamemode survival
[00:33:18] [Server thread/INFO]: [Ryzon_: Set own game mode to Survival Mode]
[00:36:00] [User Authenticator #21/INFO]: UUID of player Siribelle is 745a84f4-05f6-4d01-b429-8ddf4c04329e
[00:36:00] [Server thread/INFO]: Siribelle[/0:0:0:0:0:0:0:1:57934] logged in with entity id 330461 at ([world]136.5569383413208, 104.0, 458.76478501109654)
[00:36:15] [Async Chat Thread - #46/INFO]: [0;31;1m?[0;37;1mSiribelle[0;31;1m?[0;37;1m <Ryzon_> [0;35;1mwelcome back[m
[00:37:05] [Server thread/INFO]: Ryzon_ issued server command: /act fly on
[00:37:10] [Async Chat Thread - #46/INFO]: [0;31;1m?[0;37;1mSiribelle[0;31;1m?[0;37;1m <Ryzon_> [0;35;1mhewwo?[m
[00:37:22] [Async Chat Thread - #46/INFO]: [0;31;1m?[0;37;1mRyzon_[0;31;1m?[0;37;1m <Siribelle> [0;34;1mheowoo[m
[00:37:22] [Server thread/INFO]: Ryzon_ issued server command: /tp Siribelle
[00:37:26] [Async Chat Thread - #46/INFO]: [0;31;1m?[0;37;1mSiribelle[0;31;1m?[0;37;1m <Ryzon_> [0;35;1mhi[m
[00:37:34] [Async Chat Thread - #46/INFO]: [0;31;1m?[0;37;1mSiribelle[0;31;1m?[0;37;1m <Ryzon_> [0;35;1mi keep hearing a slime overhere somewhere[m
[00:38:00] [Async Chat Thread - #46/INFO]: [0;31;1m?[0;37;1mSiribelle[0;31;1m?[0;37;1m <Ryzon_> [0;35;1mDUDE these freaking sea pickles[m
[00:38:08] [Async Chat Thread - #46/INFO]: [0;31;1m?[0;37;1mSiribelle[0;31;1m?[0;37;1m <Ryzon_> [0;35;1mtheyer the ones lighting up the place[m
[00:38:13] [Async Chat Thread - #46/INFO]: [0;31;1m?[0;37;1mRyzon_[0;31;1m?[0;37;1m <Siribelle> [0;34;1myea lol[m
[00:38:27] [Async Chat Thread - #46/INFO]: [0;31;1m?[0;37;1mSiribelle[0;31;1m?[0;37;1m <Ryzon_> [0;35;1mi forgot they give off light[m
[00:38:31] [Async Chat Thread - #46/INFO]: [0;31;1m?[0;37;1mRyzon_[0;31;1m?[0;37;1m <Siribelle> [0;34;1msjdkj[m
[00:38:36] [Async Chat Thread - #46/INFO]: [0;31;1m?[0;37;1mSiribelle[0;31;1m?[0;37;1m <Ryzon_> [0;35;1malso i thnik u should check the stable[m
[00:38:47] [Async Chat Thread - #46/INFO]: [0;31;1m?[0;37;1mRyzon_[0;31;1m?[0;37;1m <Siribelle> [0;34;1mno[m
[00:38:51] [Async Chat Thread - #46/INFO]: [0;31;1m?[0;37;1mSiribelle[0;31;1m?[0;37;1m <Ryzon_> [0;35;1mok[m
[00:38:55] [Server thread/INFO]: Ryzon_ issued server command: /tp Siribelle
[00:39:15] [Async Chat Thread - #46/INFO]: [0;31;1m?[0;37;1mRyzon_[0;31;1m?[0;37;1m <Siribelle> [0;34;1mhow is she over[m
[00:39:17] [Async Chat Thread - #46/INFO]: [0;31;1m?[0;37;1mRyzon_[0;31;1m?[0;37;1m <Siribelle> [0;34;1mhere[m
[00:39:38] [Async Chat Thread - #46/INFO]: [0;31;1m?[0;37;1mRyzon_[0;31;1m?[0;37;1m <Siribelle> [0;34;1mour last skeleton horses were a lot smarter im js[m
[00:39:39] [Async Chat Thread - #46/INFO]: [0;31;1m?[0;37;1mSiribelle[0;31;1m?[0;37;1m <Ryzon_> [0;35;1mshe found a way out i guess[m
[00:40:00] [Server thread/INFO]: Siribelle issued server command: /warp front
[00:40:04] [Server thread/INFO]: Ryzon_ issued server command: /tp Siribelle
[00:40:40] [Async Chat Thread - #47/INFO]: [0;31;1m?[0;37;1mRyzon_[0;31;1m?[0;37;1m <Siribelle> [0;34;1mwow you didnt even elet me get my own skeleton horse[m
[00:40:52] [Async Chat Thread - #47/INFO]: [0;31;1m?[0;37;1mSiribelle[0;31;1m?[0;37;1m <Ryzon_> [0;35;1mkill it if u want[m
[00:40:59] [Async Chat Thread - #47/INFO]: [0;31;1m?[0;37;1mRyzon_[0;31;1m?[0;37;1m <Siribelle> [0;34;1mwow youd do that[m
[00:41:00] [Async Chat Thread - #47/INFO]: [0;31;1m?[0;37;1mSiribelle[0;31;1m?[0;37;1m <Ryzon_> [0;35;1mi just happened to find one though[m
[00:41:13] [Async Chat Thread - #47/INFO]: [0;31;1m?[0;37;1mRyzon_[0;31;1m?[0;37;1m <Siribelle> [0;34;1mokay then hats accepable[m
[00:41:24] [Async Chat Thread - #47/INFO]: [0;31;1m?[0;37;1mRyzon_[0;31;1m?[0;37;1m <Siribelle> [0;34;1mi was jk[m
[00:41:31] [Async Chat Thread - #47/INFO]: [0;31;1m?[0;37;1mSiribelle[0;31;1m?[0;37;1m <Ryzon_> [0;35;1msdfmjnhsdjkhndf[m
[00:41:36] [Async Chat Thread - #47/INFO]: [0;31;1m?[0;37;1mRyzon_[0;31;1m?[0;37;1m <Siribelle> [0;34;1myou were the one who tamed the skeleton horse in the first pplace[m
[00:41:42] [Async Chat Thread - #47/INFO]: [0;31;1m?[0;37;1mSiribelle[0;31;1m?[0;37;1m <Ryzon_> [0;35;1mwas i really[m
[00:41:46] [Async Chat Thread - #47/INFO]: [0;31;1m?[0;37;1mSiribelle[0;31;1m?[0;37;1m <Ryzon_> [0;35;1mi didnt even remember jfhdj[m
[00:42:16] [Async Chat Thread - #47/INFO]: [0;31;1m?[0;37;1mRyzon_[0;31;1m?[0;37;1m <Siribelle> [0;34;1mwow smh[m
[00:44:15] [Async Chat Thread - #48/INFO]: [0;31;1m?[0;37;1mSiribelle[0;31;1m?[0;37;1m <Ryzon_> [0;35;1mso id dint read his email properly i guess but he did say that one of the qs was worded weird so he gave pts to both answers[m
[00:44:25] [Async Chat Thread - #48/INFO]: [0;31;1m?[0;37;1mSiribelle[0;31;1m?[0;37;1m <Ryzon_> [0;35;1mme funny hat man[m
[00:44:34] [Server thread/INFO]: Ryzon_ issued server command: /home blaze
[00:44:51] [Server thread/INFO]: Ryzon_ issued server command: /home base
[00:44:57] [Async Chat Thread - #48/INFO]: [0;31;1m?[0;37;1mRyzon_[0;31;1m?[0;37;1m <Siribelle> [0;34;1mididnt see that email[m
[00:45:19] [Async Chat Thread - #48/INFO]: [0;31;1m?[0;37;1mSiribelle[0;31;1m?[0;37;1m <Ryzon_> [0;35;1moh dkghdh[m
[00:45:43] [Async Chat Thread - #48/INFO]: [0;31;1m?[0;37;1mSiribelle[0;31;1m?[0;37;1m <Ryzon_> [0;35;1myea it was the first weird one[m
[00:46:10] [Async Chat Thread - #48/INFO]: [0;31;1m?[0;37;1mRyzon_[0;31;1m?[0;37;1m <Siribelle> [0;34;1mgood[m
[00:46:56] [Async Chat Thread - #48/INFO]: [0;31;1m?[0;37;1mRyzon_[0;31;1m?[0;37;1m <Siribelle> [0;34;1mbrb[m
[00:47:00] [Server thread/INFO]: Siribelle lost connection: Disconnected
[00:47:00] [Server thread/INFO]: Siribelle left the game
[00:47:59] [Server thread/INFO]: Ryzon_ issued server command: /home blaze
[00:48:19] [User Authenticator #22/INFO]: UUID of player Siribelle is 745a84f4-05f6-4d01-b429-8ddf4c04329e
[00:48:20] [Server thread/INFO]: Siribelle[/0:0:0:0:0:0:0:1:57947] logged in with entity id 335140 at ([world]69.38444132696675, 79.0, 361.6694752996535)
[00:48:22] [Async Chat Thread - #49/INFO]: [0;31;1m?[0;37;1mSiribelle[0;31;1m?[0;37;1m <Ryzon_> [0;35;1mh[m
[00:48:28] [Async Chat Thread - #49/INFO]: [0;31;1m?[0;37;1mRyzon_[0;31;1m?[0;37;1m <Siribelle> [0;34;1mh[m
[00:48:47] [Async Chat Thread - #49/INFO]: [0;31;1m?[0;37;1mRyzon_[0;31;1m?[0;37;1m <Siribelle> [0;34;1mryan[m
[00:48:51] [Async Chat Thread - #49/INFO]: [0;31;1m?[0;37;1mSiribelle[0;31;1m?[0;37;1m <Ryzon_> [0;35;1mya[m
[00:48:52] [Async Chat Thread - #49/INFO]: [0;31;1m?[0;37;1mRyzon_[0;31;1m?[0;37;1m <Siribelle> [0;34;1mcomehere[m
[00:48:57] [Server thread/INFO]: Ryzon_ issued server command: /tp Siribelle
[00:48:58] [Async Chat Thread - #49/INFO]: [0;31;1m?[0;37;1mRyzon_[0;31;1m?[0;37;1m <Siribelle> [0;34;1mim flying[m
[00:49:08] [Server thread/INFO]: Ryzon_ issued server command: /tp Siribelle
[00:49:14] [Server thread/INFO]: Ryzon_ issued server command: /act fly on
[00:49:14] [Async Chat Thread - #49/INFO]: [0;31;1m?[0;37;1mRyzon_[0;31;1m?[0;37;1m <Siribelle> [0;34;1mthe fuck was he doing up there[m
[00:49:23] [Async Chat Thread - #49/INFO]: [0;31;1m?[0;37;1mSiribelle[0;31;1m?[0;37;1m <Ryzon_> [0;35;1mskeleton>[m
[00:49:25] [Async Chat Thread - #49/INFO]: [0;31;1m?[0;37;1mSiribelle[0;31;1m?[0;37;1m <Ryzon_> [0;35;1m?[m
[00:49:30] [Async Chat Thread - #49/INFO]: [0;31;1m?[0;37;1mRyzon_[0;31;1m?[0;37;1m <Siribelle> [0;34;1myea[m
[00:49:34] [Async Chat Thread - #49/INFO]: [0;31;1m?[0;37;1mSiribelle[0;31;1m?[0;37;1m <Ryzon_> [0;35;1mihave no idea[m
[00:50:18] [Async Chat Thread - #49/INFO]: [0;31;1m?[0;37;1mRyzon_[0;31;1m?[0;37;1m <Siribelle> [0;34;1mbitch[m
[00:50:38] [Server thread/INFO]: Ryzon_ issued server command: /home new
[00:51:33] [Server thread/INFO]: Ryzon_ issued server command: /warp storage
[00:51:42] [Server thread/INFO]: Ryzon_ issued server command: /back
[00:53:17] [Server thread/INFO]: Ryzon_ issued server command: /warp nethercity
[00:53:53] [Server thread/INFO]: Ryzon_ issued server command: /help kill
[00:54:33] [Server thread/INFO]: Ryzon_ issued server command: /kill @e[name=witherskeleton]
[00:56:16] [Async Chat Thread - #50/INFO]: [0;31;1m?[0;37;1mSiribelle[0;31;1m?[0;37;1m <Ryzon_> [0;35;1mwither skeletons can suck my hass[m
[00:56:59] [Async Chat Thread - #50/INFO]: [0;31;1m?[0;37;1mRyzon_[0;31;1m?[0;37;1m <Siribelle> [0;34;1myea[m
[00:57:16] [Async Chat Thread - #50/INFO]: [0;31;1m?[0;37;1mSiribelle[0;31;1m?[0;37;1m <Ryzon_> [0;35;1myea[m
[00:58:52] [Server thread/INFO]: Siribelle issued server command: /
[00:58:56] [Async Chat Thread - #51/INFO]: [0;31;1m?[0;37;1mSiribelle[0;31;1m?[0;37;1m <Ryzon_> [0;35;1mwhat u doin rn[m
[00:59:01] [Server thread/INFO]: Siribelle issued server command: /gamemode survival
[00:59:01] [Server thread/INFO]: [Siribelle: Set own game mode to Survival Mode]
[00:59:06] [Async Chat Thread - #51/INFO]: [0;31;1m?[0;37;1mSiribelle[0;31;1m?[0;37;1m <Ryzon_> [0;35;1mlol[m
[01:00:10] [Server thread/INFO]: Ryzon_ issued server command: /home blaze
[01:00:33] [Server thread/INFO]: Siribelle issued server command: /gamemode creative
[01:00:33] [Server thread/INFO]: [Siribelle: Set own game mode to Creative Mode]
[01:01:23] [Async Chat Thread - #52/INFO]: [0;31;1m?[0;37;1mSiribelle[0;31;1m?[0;37;1m <Ryzon_> [0;35;1mMKLGSDMLKGH[m
[01:01:24] [Async Chat Thread - #52/INFO]: [0;31;1m?[0;37;1mSiribelle[0;31;1m?[0;37;1m <Ryzon_> [0;35;1mJKNGSJKNG[m
[01:01:25] [Async Chat Thread - #52/INFO]: [0;31;1m?[0;37;1mSiribelle[0;31;1m?[0;37;1m <Ryzon_> [0;35;1mtJNGSKgn[m
[01:01:26] [Async Chat Thread - #52/INFO]: [0;31;1m?[0;37;1mSiribelle[0;31;1m?[0;37;1m <Ryzon_> [0;35;1mME[m
[01:01:27] [Async Chat Thread - #52/INFO]: [0;31;1m?[0;37;1mSiribelle[0;31;1m?[0;37;1m <Ryzon_> [0;35;1mEMERN[m
[01:01:29] [Server thread/INFO]: Ryzon_ has made the advancement [Spooky Scary Skeleton]
[01:01:34] [Async Chat Thread - #52/INFO]: [0;31;1m?[0;37;1mRyzon_[0;31;1m?[0;37;1m <Siribelle> [0;34;1mwhst[m
[01:01:38] [Async Chat Thread - #52/INFO]: [0;31;1m?[0;37;1mSiribelle[0;31;1m?[0;37;1m <Ryzon_> [0;35;1mFUcking finally[m
[01:01:53] [Server thread/INFO]: Ryzon_ issued server command: /tp Siribelle
[01:01:59] [Server thread/INFO]: Ryzon_ issued server command: /ud
[01:02:12] [Async Chat Thread - #52/INFO]: [0;31;1m?[0;37;1mRyzon_[0;31;1m?[0;37;1m <Siribelle> [0;34;1mHOLY SHIR[m
[01:02:16] [Async Chat Thread - #52/INFO]: [0;31;1m?[0;37;1mSiribelle[0;31;1m?[0;37;1m <Ryzon_> [0;35;1mwhat[m
[01:02:17] [Async Chat Thread - #52/INFO]: [0;31;1m?[0;37;1mRyzon_[0;31;1m?[0;37;1m <Siribelle> [0;34;1mwhat were you gonna say[m
[01:02:26] [Async Chat Thread - #52/INFO]: [0;31;1m?[0;37;1mRyzon_[0;31;1m?[0;37;1m <Siribelle> [0;34;1myou first[m
[01:02:34] [Async Chat Thread - #52/INFO]: [0;31;1m?[0;37;1mRyzon_[0;31;1m?[0;37;1m <Siribelle> [0;34;1mOHHH[m
[01:02:36] [Async Chat Thread - #52/INFO]: [0;31;1m?[0;37;1mSiribelle[0;31;1m?[0;37;1m <Ryzon_> [0;35;1mi got a wither skeleton head[m
[01:02:41] [Async Chat Thread - #52/INFO]: [0;31;1m?[0;37;1mRyzon_[0;31;1m?[0;37;1m <Siribelle> [0;34;1mTHIS IS WHAT YOU NEEDES[m
[01:02:44] [Async Chat Thread - #52/INFO]: [0;31;1m?[0;37;1mRyzon_[0;31;1m?[0;37;1m <Siribelle> [0;34;1mNICE[m
[01:02:48] [Async Chat Thread - #52/INFO]: [0;31;1m?[0;37;1mSiribelle[0;31;1m?[0;37;1m <Ryzon_> [0;35;1m5% chance and those fuckers are so hard to fine[m
[01:02:52] [Async Chat Thread - #52/INFO]: [0;31;1m?[0;37;1mSiribelle[0;31;1m?[0;37;1m <Ryzon_> [0;35;1mnow i only need 2 more[m
[01:02:56] [Async Chat Thread - #52/INFO]: [0;31;1m?[0;37;1mRyzon_[0;31;1m?[0;37;1m <Siribelle> [0;34;1mNIVE[m
[01:02:56] [Async Chat Thread - #52/INFO]: [0;31;1m?[0;37;1mSiribelle[0;31;1m?[0;37;1m <Ryzon_> [0;35;1m:)[m
[01:03:00] [Async Chat Thread - #52/INFO]: [0;31;1m?[0;37;1mRyzon_[0;31;1m?[0;37;1m <Siribelle> [0;34;1mOH SHIT NO[m
[01:03:03] [Async Chat Thread - #52/INFO]: [0;31;1m?[0;37;1mSiribelle[0;31;1m?[0;37;1m <Ryzon_> [0;35;1mLOL[m
[01:03:16] [Async Chat Thread - #52/INFO]: [0;31;1m?[0;37;1mSiribelle[0;31;1m?[0;37;1m <Ryzon_> [0;35;1mwhat happen to u[m
[01:03:42] [Async Chat Thread - #52/INFO]: [0;31;1m?[0;37;1mRyzon_[0;31;1m?[0;37;1m <Siribelle> [0;34;1mgot a pickaxe for the teehees and was curous what the enchants were gonna be on it since im over 30[m
[01:03:49] [Async Chat Thread - #52/INFO]: [0;31;1m?[0;37;1mRyzon_[0;31;1m?[0;37;1m <Siribelle> [0;34;1mits level 30 enchant was[m
[01:03:52] [Async Chat Thread - #52/INFO]: [0;31;1m?[0;37;1mRyzon_[0;31;1m?[0;37;1m <Siribelle> [0;34;1mreat[m
[01:03:54] [Async Chat Thread - #52/INFO]: [0;31;1m?[0;37;1mRyzon_[0;31;1m?[0;37;1m <Siribelle> [0;34;1mready[m
[01:03:58] [Async Chat Thread - #52/INFO]: [0;31;1m?[0;37;1mSiribelle[0;31;1m?[0;37;1m <Ryzon_> [0;35;1myea[m
[01:04:02] [Async Chat Thread - #52/INFO]: [0;31;1m?[0;37;1mRyzon_[0;31;1m?[0;37;1m <Siribelle> [0;34;1mfortune 3[m
[01:04:06] [Async Chat Thread - #52/INFO]: [0;31;1m?[0;37;1mSiribelle[0;31;1m?[0;37;1m <Ryzon_> [0;35;1mGOOd[m
[01:04:10] [Async Chat Thread - #52/INFO]: [0;31;1m?[0;37;1mSiribelle[0;31;1m?[0;37;1m <Ryzon_> [0;35;1mthats already amazing[m
[01:04:13] [Async Chat Thread - #52/INFO]: [0;31;1m?[0;37;1mRyzon_[0;31;1m?[0;37;1m <Siribelle> [0;34;1mand i think efficiency[m
[01:04:18] [Async Chat Thread - #52/INFO]: [0;31;1m?[0;37;1mSiribelle[0;31;1m?[0;37;1m <Ryzon_> [0;35;1mu think[m
[01:04:18] [Async Chat Thread - #52/INFO]: [0;31;1m?[0;37;1mRyzon_[0;31;1m?[0;37;1m <Siribelle> [0;34;1mefficiency 4[m
[01:04:27] [Async Chat Thread - #52/INFO]: [0;31;1m?[0;37;1mSiribelle[0;31;1m?[0;37;1m <Ryzon_> [0;35;1mis that it[m
[01:04:40] [Async Chat Thread - #52/INFO]: [0;31;1m?[0;37;1mRyzon_[0;31;1m?[0;37;1m <Siribelle> [0;34;1mum sht aight i thought it was pretty good ok[m
[01:04:50] [Async Chat Thread - #52/INFO]: [0;31;1m?[0;37;1mSiribelle[0;31;1m?[0;37;1m <Ryzon_> [0;35;1mwait no that is really good wtf[m
[01:05:01] [Async Chat Thread - #52/INFO]: [0;31;1m?[0;37;1mSiribelle[0;31;1m?[0;37;1m <Ryzon_> [0;35;1mi just didnt know if there was more[m
[01:05:07] [Async Chat Thread - #52/INFO]: [0;31;1m?[0;37;1mRyzon_[0;31;1m?[0;37;1m <Siribelle> [0;34;1msorry ya minecraft pro it was pretty good for a lowly noob such as mysellf[m
[01:05:18] [Async Chat Thread - #52/INFO]: [0;31;1m?[0;37;1mSiribelle[0;31;1m?[0;37;1m <Ryzon_> [0;35;1mif we could get unbreaking on it that would be even better[m
[01:05:21] [Async Chat Thread - #52/INFO]: [0;31;1m?[0;37;1mSiribelle[0;31;1m?[0;37;1m <Ryzon_> [0;35;1mlike with a book[m
[01:05:27] [Async Chat Thread - #52/INFO]: [0;31;1m?[0;37;1mRyzon_[0;31;1m?[0;37;1m <Siribelle> [0;34;1myea ikr[m
[01:05:27] [Async Chat Thread - #52/INFO]: [0;31;1m?[0;37;1mSiribelle[0;31;1m?[0;37;1m <Ryzon_> [0;35;1mlet me go see if i can[m
[01:05:41] [Async Chat Thread - #52/INFO]: [0;31;1m?[0;37;1mRyzon_[0;31;1m?[0;37;1m <Siribelle> [0;34;1mprobaly not gonna use it until then but[m
[01:06:08] [Async Chat Thread - #52/INFO]: [0;31;1m?[0;37;1mSiribelle[0;31;1m?[0;37;1m <Ryzon_> [0;35;1mwe have a curse of binding book?[m
[01:06:12] [Async Chat Thread - #52/INFO]: [0;31;1m?[0;37;1mSiribelle[0;31;1m?[0;37;1m <Ryzon_> [0;35;1mthose are pretty good[m
[01:06:18] [Async Chat Thread - #52/INFO]: [0;31;1m?[0;37;1mRyzon_[0;31;1m?[0;37;1m <Siribelle> [0;34;1mwas it cehated in[m
[01:06:25] [Async Chat Thread - #52/INFO]: [0;31;1m?[0;37;1mSiribelle[0;31;1m?[0;37;1m <Ryzon_> [0;35;1menchants[m
[01:06:29] [Async Chat Thread - #52/INFO]: [0;31;1m?[0;37;1mSiribelle[0;31;1m?[0;37;1m <Ryzon_> [0;35;1moh[m
[01:06:31] [Async Chat Thread - #52/INFO]: [0;31;1m?[0;37;1mSiribelle[0;31;1m?[0;37;1m <Ryzon_> [0;35;1midk[m
[01:06:37] [Async Chat Thread - #52/INFO]: [0;31;1m?[0;37;1mSiribelle[0;31;1m?[0;37;1m <Ryzon_> [0;35;1midk why it would be[m
[01:06:42] [Async Chat Thread - #52/INFO]: [0;31;1m?[0;37;1mRyzon_[0;31;1m?[0;37;1m <Siribelle> [0;34;1mim tired of typing do you wanna call[m
[01:06:44] [Async Chat Thread - #52/INFO]: [0;31;1m?[0;37;1mSiribelle[0;31;1m?[0;37;1m <Ryzon_> [0;35;1msure[m
[01:06:52] [Async Chat Thread - #52/INFO]: [0;31;1m?[0;37;1mSiribelle[0;31;1m?[0;37;1m <Ryzon_> [0;35;1mi didnt know if u could talk or not[m
[01:08:15] [Async Chat Thread - #53/INFO]: [0;31;1m?[0;37;1mSiribelle[0;31;1m?[0;37;1m <Ryzon_> [0;35;1munbreaking 2[m
[01:11:09] [Server thread/INFO]: Ryzon_ issued server command: /gamemode creative
[01:11:09] [Server thread/INFO]: [Ryzon_: Set own game mode to Creative Mode]
[01:12:27] [Server thread/INFO]: Ryzon_ issued server command: /gamemode survival
[01:12:27] [Server thread/INFO]: [Ryzon_: Set own game mode to Survival Mode]
[01:21:45] [Server thread/INFO]: Ryzon_ issued server command: /gamemode creative
[01:21:45] [Server thread/INFO]: [Ryzon_: Set own game mode to Creative Mode]
[01:24:41] [Server thread/INFO]: Ryzon_ issued server command: /gamemode survival
[01:24:41] [Server thread/INFO]: [Ryzon_: Set own game mode to Survival Mode]
[01:27:36] [Server thread/INFO]: Siribelle issued server command: /tp r
[01:30:01] [Server thread/INFO]: Ryzon_ issued server command: /act fly on
[01:30:08] [Server thread/INFO]: Ryzon_ issued server command: /home blaze
[01:30:36] [Server thread/INFO]: Ryzon_ issued server command: /warp nethercity
[01:30:46] [Server thread/INFO]: Ryzon_ issued server command: /tp sir
[01:32:22] [Server thread/INFO]: Ryzon_ issued server command: /home room
[01:36:54] [Server thread/INFO]: Siribelle issued server command: /tp r
[01:37:59] [Server thread/INFO]: Ryzon_ issued server command: /ping
[01:38:03] [Server thread/INFO]: Ryzon_ lost connection: Disconnected
[01:38:03] [Server thread/INFO]: Ryzon_ left the game
[01:38:07] [User Authenticator #23/INFO]: UUID of player Ryzon_ is 5ff2599a-bd34-46ea-a496-a3c88e2d74c5
[01:38:07] [Server thread/INFO]: Ryzon_[/0:0:0:0:0:0:0:1:58010] logged in with entity id 355529 at ([world]138.2973369124979, 118.0, 457.30687368744)
[01:40:20] [Server thread/INFO]: Siribelle issued server command: /tp r
[01:41:11] [Server thread/INFO]: Ryzon_ issued server command: /tp Siribelle
[01:45:25] [Server thread/INFO]: Siribelle lost connection: Disconnected
[01:45:25] [Server thread/INFO]: Siribelle left the game
[01:45:32] [User Authenticator #24/INFO]: UUID of player Siribelle is 745a84f4-05f6-4d01-b429-8ddf4c04329e
[01:45:32] [Server thread/INFO]: Siribelle[/0:0:0:0:0:0:0:1:58021] logged in with entity id 359238 at ([world]125.07992633355902, 82.0625, 365.44439297348356)
[01:45:40] [Server thread/INFO]: Siribelle issued server command: /tp r
[01:47:36] [Server thread/INFO]: Siribelle issued server command: /back
[01:48:21] [Server thread/INFO]: Ryzon_ issued server command: /home new
[01:50:30] [Async Chat Thread - #54/INFO]: [0;31;1m?[0;37;1mRyzon_[0;31;1m?[0;37;1m <Siribelle> [0;34;1mi said nvm[m
[01:55:09] [Server thread/INFO]: Siribelle has made the advancement [What a Deal!]
[01:55:55] [Server thread/INFO]: Ryzon_ issued server command: /tp Siribelle
[02:01:37] [Server thread/INFO]: Ryzon_ issued server command: /tp si
[02:03:43] [Server thread/INFO]: Ryzon_ issued server command: /d cod
[02:04:49] [Server thread/INFO]: Ryzon_ issued server command: /home room
[02:04:53] [Server thread/INFO]: Siribelle issued server command: /home bed
[02:06:13] [Server thread/INFO]: Ryzon_ issued server command: /time
[02:07:16] [Server thread/INFO]: Siribelle issued server command: /tp r
[02:08:05] [Server thread/INFO]: Ryzon_ issued server command: /home room
[02:08:15] [Server thread/INFO]: Ryzon_ issued server command: /tp Siribelle
[02:10:38] [Server thread/INFO]: Ryzon_ issued server command: /d iron-golem
[02:10:47] [Server thread/INFO]: Ryzon_ issued server command: /d iron-golem custom-name=peepee
[02:13:38] [Async Chat Thread - #55/INFO]: [0;31;1m?[0;37;1mSiribelle[0;31;1m?[0;37;1m <Ryzon_> [0;35;1mt[m
[02:17:18] [Server thread/INFO]: Ryzon_ issued server command: /warp storage
[02:19:56] [Async Chat Thread - #56/INFO]: [0;31;1m?[0;37;1mSiribelle[0;31;1m?[0;37;1m <Ryzon_> [0;35;1mb[m
[02:19:57] [Async Chat Thread - #56/INFO]: [0;31;1m?[0;37;1mSiribelle[0;31;1m?[0;37;1m <Ryzon_> [0;35;1mb[m
[02:19:58] [Async Chat Thread - #56/INFO]: [0;31;1m?[0;37;1mSiribelle[0;31;1m?[0;37;1m <Ryzon_> [0;35;1mb[m
[02:19:58] [Async Chat Thread - #56/INFO]: [0;31;1m?[0;37;1mSiribelle[0;31;1m?[0;37;1m <Ryzon_> [0;35;1mb[m
[02:19:59] [Async Chat Thread - #56/INFO]: [0;31;1m?[0;37;1mSiribelle[0;31;1m?[0;37;1m <Ryzon_> [0;35;1mb[m
[02:19:59] [Async Chat Thread - #56/INFO]: [0;31;1m?[0;37;1mSiribelle[0;31;1m?[0;37;1m <Ryzon_> [0;35;1mb[m
[02:20:00] [Async Chat Thread - #56/INFO]: [0;31;1m?[0;37;1mSiribelle[0;31;1m?[0;37;1m <Ryzon_> [0;35;1mb[m
[02:20:00] [Async Chat Thread - #56/INFO]: [0;31;1m?[0;37;1mRyzon_[0;31;1m?[0;37;1m <Siribelle> [0;34;1mno[m
[02:20:00] [Async Chat Thread - #56/INFO]: [0;31;1m?[0;37;1mSiribelle[0;31;1m?[0;37;1m <Ryzon_> [0;35;1mb[m
[02:20:01] [Async Chat Thread - #56/INFO]: [0;31;1m?[0;37;1mSiribelle[0;31;1m?[0;37;1m <Ryzon_> [0;35;1mttttttttttttttttttt[m
[02:20:03] [Async Chat Thread - #56/INFO]: [0;31;1m?[0;37;1mSiribelle[0;31;1m?[0;37;1m <Ryzon_> [0;35;1mb[m
[02:20:04] [Async Chat Thread - #56/INFO]: [0;31;1m?[0;37;1mSiribelle[0;31;1m?[0;37;1m <Ryzon_> [0;35;1mb[m
[02:20:04] [Async Chat Thread - #56/INFO]: [0;31;1m?[0;37;1mSiribelle[0;31;1m?[0;37;1m <Ryzon_> [0;35;1mb[m
[02:20:05] [Async Chat Thread - #56/INFO]: [0;31;1m?[0;37;1mSiribelle[0;31;1m?[0;37;1m <Ryzon_> [0;35;1mb[m
[02:20:06] [Async Chat Thread - #56/INFO]: [0;31;1m?[0;37;1mSiribelle[0;31;1m?[0;37;1m <Ryzon_> [0;35;1mb[m
[02:20:06] [Async Chat Thread - #56/INFO]: [0;31;1m?[0;37;1mSiribelle[0;31;1m?[0;37;1m <Ryzon_> [0;35;1mb[m
[02:20:09] [Async Chat Thread - #56/INFO]: [0;31;1m?[0;37;1mSiribelle[0;31;1m?[0;37;1m <Ryzon_> [0;35;1myes[m
[02:20:11] [Server thread/INFO]: Siribelle issued server command: /gamemode survival
[02:20:11] [Server thread/INFO]: [Siribelle: Set own game mode to Survival Mode]
[02:20:12] [Async Chat Thread - #56/INFO]: [0;31;1m?[0;37;1mSiribelle[0;31;1m?[0;37;1m <Ryzon_> [0;35;1mc[m
[02:20:14] [Async Chat Thread - #56/INFO]: [0;31;1m?[0;37;1mSiribelle[0;31;1m?[0;37;1m <Ryzon_> [0;35;1mget it[m
[02:20:22] [Async Chat Thread - #56/INFO]: [0;31;1m?[0;37;1mSiribelle[0;31;1m?[0;37;1m <Ryzon_> [0;35;1mc (si) (yes)[m
[02:20:27] [Async Chat Thread - #56/INFO]: [0;31;1m?[0;37;1mSiribelle[0;31;1m?[0;37;1m <Ryzon_> [0;35;1mjajahahjjahaj[m
[02:20:30] [Async Chat Thread - #56/INFO]: [0;31;1m?[0;37;1mSiribelle[0;31;1m?[0;37;1m <Ryzon_> [0;35;1mfybbt[m
[02:20:33] [Async Chat Thread - #56/INFO]: [0;31;1m?[0;37;1mSiribelle[0;31;1m?[0;37;1m <Ryzon_> [0;35;1mfynny\[m
[02:26:26] [Server thread/INFO]: Siribelle issued server command: /d gravel
[02:27:55] [Server thread/INFO]: Siribelle issued server command: /d see-through
[02:29:00] [Server thread/INFO]: Siribelle issued server command: /d falling-block material= gravel
[02:29:22] [Server thread/INFO]: Siribelle issued server command: /d chicken
[02:37:15] [Server thread/INFO]: Siribelle issued server command: /time set day
[02:37:15] [Server thread/INFO]: [Siribelle: Set the time to 1000]
[02:37:56] [Server thread/INFO]: Siribelle fell from a high place
[02:38:18] [Server thread/INFO]: Ryzon_ issued server command: /xp add Siribelle 33 points
[02:38:18] [Server thread/INFO]: [Ryzon_: Gave 33 experience points to Siribelle]
[02:38:55] [Server thread/INFO]: Ryzon_ issued server command: /xp add Siribelle 33 points
[02:38:55] [Server thread/INFO]: [Ryzon_: Gave 33 experience points to Siribelle]
[02:39:00] [Server thread/INFO]: Ryzon_ issued server command: /xp add Siribelle 33 points
[02:39:00] [Server thread/INFO]: [Ryzon_: Gave 33 experience points to Siribelle]
[02:39:05] [Server thread/INFO]: Ryzon_ issued server command: /xp add Siribelle 33 points
[02:39:05] [Server thread/INFO]: [Ryzon_: Gave 33 experience points to Siribelle]
[02:39:10] [Server thread/INFO]: Ryzon_ issued server command: /xp add Siribelle 33 points
[02:39:10] [Server thread/INFO]: [Ryzon_: Gave 33 experience points to Siribelle]
[02:39:10] [Server thread/INFO]: Ryzon_ issued server command: /xp add Siribelle 33 points
[02:39:10] [Server thread/INFO]: [Ryzon_: Gave 33 experience points to Siribelle]
[02:39:12] [Async Chat Thread - #57/INFO]: [0;31;1m?[0;37;1mSiribelle[0;31;1m?[0;37;1m <Ryzon_> [0;35;1mttttttttttttttttt[m
[02:39:26] [Server thread/INFO]: Siribelle issued server command: /act fly on
[02:39:33] [Server thread/INFO]: Ryzon_ issued server command: /xp add Siribelle 1 levels
[02:39:33] [Server thread/INFO]: [Ryzon_: Gave 1 experience levels to Siribelle]
[02:39:41] [Server thread/INFO]: Ryzon_ issued server command: /xp add Siribelle 14 levels
[02:39:41] [Server thread/INFO]: [Ryzon_: Gave 14 experience levels to Siribelle]
[02:40:25] [Server thread/INFO]: Ryzon_ issued server command: /xp add Siribelle 1 points
[02:40:25] [Server thread/INFO]: [Ryzon_: Gave 1 experience points to Siribelle]
[02:40:32] [Server thread/INFO]: Ryzon_ issued server command: /xp add Siribelle 1 points
[02:40:32] [Server thread/INFO]: [Ryzon_: Gave 1 experience points to Siribelle]
[02:40:48] [Server thread/INFO]: Ryzon_ issued server command: /xp add Siribelle 1 points
[02:40:48] [Server thread/INFO]: [Ryzon_: Gave 1 experience points to Siribelle]
[02:40:52] [Server thread/INFO]: Ryzon_ issued server command: /xp add Siribelle 1 points
[02:40:52] [Server thread/INFO]: [Ryzon_: Gave 1 experience points to Siribelle]
[02:41:08] [Server thread/INFO]: Ryzon_ issued server command: /xp add Siribelle 1 levels
[02:41:08] [Server thread/INFO]: [Ryzon_: Gave 1 experience levels to Siribelle]
[02:42:02] [Server thread/INFO]: Ryzon_ issued server command: /xp add Siribelle 1 levels
[02:42:02] [Server thread/INFO]: [Ryzon_: Gave 1 experience levels to Siribelle]
[02:42:03] [Server thread/INFO]: Ryzon_ issued server command: /xp add Siribelle 1 levels
[02:42:03] [Server thread/INFO]: [Ryzon_: Gave 1 experience levels to Siribelle]
[02:42:04] [Server thread/INFO]: Ryzon_ issued server command: /xp add Siribelle 1 levels
[02:42:04] [Server thread/INFO]: [Ryzon_: Gave 1 experience levels to Siribelle]
[02:55:05] [Server thread/INFO]: Ryzon_ issued server command: /warp storage
[02:57:01] [Server thread/INFO]: Ryzon_ issued server command: /act fly on
[02:57:03] [Server thread/INFO]: Ryzon_ issued server command: /tp Siribelle
[03:03:56] [Server thread/INFO]: Ryzon_ issued server command: /tp Siribelle
[03:04:27] [Server thread/INFO]: Ryzon_ issued server command: /tphere Siribelle
[03:04:47] [Server thread/INFO]: Ryzon_ issued server command: /tphere Siribelle
[03:05:01] [Server thread/INFO]: Ryzon_ issued server command: /tphere Siribelle
[03:05:05] [Server thread/INFO]: Ryzon_ issued server command: /tphere Siribelle
[03:05:30] [Server thread/INFO]: Ryzon_ issued server command: /tphere Siribelle
[03:05:59] [Server thread/INFO]: Ryzon_ issued server command: /tphere Siribelle
[03:06:03] [Server thread/INFO]: Ryzon_ issued server command: /tphere Siribelle
[03:06:05] [Server thread/INFO]: Ryzon_ issued server command: /tphere Siribelle
[03:06:06] [Server thread/INFO]: Ryzon_ issued server command: /tphere Siribelle
[03:06:07] [Server thread/INFO]: Ryzon_ issued server command: /tphere Siribelle
[03:06:08] [Server thread/INFO]: Ryzon_ issued server command: /tphere Siribelle
[03:06:09] [Server thread/INFO]: Ryzon_ issued server command: /tphere Siribelle
[03:06:10] [Server thread/INFO]: Ryzon_ issued server command: /tphere Siribelle
[03:06:10] [Server thread/INFO]: Ryzon_ issued server command: /tphere Siribellet
[03:06:10] [Server thread/INFO]: Ryzon_ issued server command: /tphere Siribellet
[03:06:11] [Server thread/INFO]: Ryzon_ issued server command: /tphere Siribellet
[03:06:16] [Server thread/INFO]: Ryzon_ issued server command: /tphere Siribelle
[03:06:29] [Server thread/INFO]: Ryzon_ issued server command: /tphere Siribelle
[03:11:05] [Server thread/INFO]: Siribelle issued server command: /home bed
[03:16:40] [Server thread/INFO]: Ryzon_ lost connection: Disconnected
[03:16:40] [Server thread/INFO]: Ryzon_ left the game
[03:19:14] [Server thread/INFO]: Siribelle lost connection: Disconnected
[03:19:14] [Server thread/INFO]: Siribelle left the game
[20:30:51] [User Authenticator #25/INFO]: UUID of player Esri is 3d605e61-9f06-4a1c-85dc-f9f1dbf1597d
[20:30:52] [Server thread/INFO]: Esri[/0:0:0:0:0:0:0:1:59555] logged in with entity id 398507 at ([world]98.92375214918901, 84.20000004768372, 414.99134042338403)
[20:32:44] [Server thread/INFO]: Esri issued server command: /asct fly oan
[20:32:46] [Server thread/INFO]: Esri issued server command: /act fly on
[20:34:21] [Server thread/INFO]: Esri issued server command: /time set day
[20:34:21] [Server thread/INFO]: [Esri: Set the time to 1000]
[20:35:22] [Server thread/INFO]: Esri issued server command: /home storage
[20:36:09] [Server thread/INFO]: Esri issued server command: /back
[20:37:16] [Server thread/INFO]: Esri issued server command: /time set night
[20:37:16] [Server thread/INFO]: [Esri: Set the time to 13000]
[20:38:05] [Server thread/INFO]: Esri issued server command: /time set day
[20:38:05] [Server thread/INFO]: [Esri: Set the time to 1000]
[20:38:22] [Server thread/INFO]: Esri issued server command: /gameode creai
[20:38:25] [Server thread/INFO]: Esri issued server command: /gamemode creative
[20:38:25] [Server thread/INFO]: [Esri: Set own game mode to Creative Mode]
[20:39:51] [Server thread/INFO]: Esri issued server command: /home me
[20:39:54] [Server thread/INFO]: Esri issued server command: /home fy
[20:40:07] [Server thread/INFO]: Esri issued server command: /gamemode craetive
[20:40:09] [Server thread/INFO]: Esri issued server command: /gamemode survival
[20:40:09] [Server thread/INFO]: [Esri: Set own game mode to Survival Mode]
[20:40:12] [Server thread/INFO]: Esri issued server command: /ac fly o
[20:40:13] [Server thread/INFO]: Esri issued server command: /act fly on
[20:42:24] [Server thread/INFO]: Esri issued server command: /home fy
[20:44:35] [Server thread/INFO]: Esri issued server command: /home fy
[20:46:55] [Server thread/INFO]: Esri issued server command: /home forset
[20:46:58] [Server thread/INFO]: Esri issued server command: /home forest
[20:49:08] [Server thread/INFO]: Esri issued server command: /home storage
[20:52:34] [Server thread/INFO]: Esri issued server command: /home storage
[20:52:49] [Server thread/INFO]: Esri issued server command: /back
[20:56:08] [Server thread/INFO]: Esri issued server command: /home storage
[20:57:31] [Server thread/INFO]: Esri issued server command: /bac
[20:57:32] [Server thread/INFO]: Esri issued server command: /back
[20:57:44] [Server thread/INFO]: Esri issued server command: /gamemode creative
[20:57:44] [Server thread/INFO]: [Esri: Set own game mode to Creative Mode]
[20:57:59] [Server thread/INFO]: Esri issued server command: /home storage
[20:58:01] [Server thread/INFO]: Esri issued server command: /gamemode survival
[20:58:01] [Server thread/INFO]: [Esri: Set own game mode to Survival Mode]
[20:59:01] [Server thread/INFO]: Esri issued server command: /act fly on
[20:59:43] [Server thread/INFO]: Esri issued server command: /home farm
[21:02:37] [Server thread/INFO]: Esri issued server command: /home storage
[21:02:50] [Server thread/INFO]: Esri issued server command: /hom
[21:02:56] [Server thread/INFO]: Esri issued server command: /home ranch
[21:02:56] [Server thread/INFO]: Esri issued server command: /home by
[21:05:56] [Server thread/INFO]: Esri issued server command: /home farm
[21:06:29] [Server thread/INFO]: Esri issued server command: /home storage
[21:08:42] [Server thread/INFO]: Esri issued server command: /home storage
[21:10:29] [Server thread/INFO]: Esri issued server command: /home spawner
[21:17:56] [Server thread/INFO]: Esri issued server command: /home fy
[21:26:19] [Server thread/INFO]: Esri issued server command: /home minecraft
[21:26:22] [Server thread/INFO]: Esri issued server command: /sethome minecraft
[21:26:24] [Server thread/INFO]: Esri issued server command: /home storage
[21:27:19] [Server thread/INFO]: Esri issued server command: /home back
[21:27:21] [Server thread/INFO]: Esri issued server command: /back
[21:27:38] [Server thread/INFO]: Esri issued server command: /time set day
[21:27:38] [Server thread/INFO]: [Esri: Set the time to 1000]
[21:30:39] [Server thread/WARN]: Esri moved too quickly! -19.299882839211477,0.0,20.8152695708784
[21:30:42] [Server thread/INFO]: Esri issued server command: /home gil
[21:32:23] [Server thread/INFO]: Esri issued server command: /gamemode creative
[21:32:23] [Server thread/INFO]: [Esri: Set own game mode to Creative Mode]
[21:33:46] [Server thread/INFO]: Esri lost connection: Disconnected
[21:33:46] [Server thread/INFO]: Esri left the game
